  Framework.cpp
C:\Users\admin\Documents\GitHub\Shooting\DX2D_2312\Framework\Render\Texture.h(14,64): warning C4244: '인수': 'const size_t'에서 'float'(으)로 변환하면서 데이터가 손실될 수 있습니다.
C:\Users\admin\Documents\GitHub\Shooting\DX2D_2312\Framework\Render\Texture.h(14,37): warning C4244: '인수': 'const size_t'에서 'float'(으)로 변환하면서 데이터가 손실될 수 있습니다.
  DX2D_2312.cpp
  ConstBuffer.cpp
  IndexBuffer.cpp
  VertexBuffer.cpp
  CircleCollider.cpp
C:\Users\admin\Documents\GitHub\Shooting\DX2D_2312\Framework\Collision\CircleCollider.cpp(13,5): warning C4018: '<': signed 또는 unsigned가 일치하지 않습니다.
C:\Users\admin\Documents\GitHub\Shooting\DX2D_2312\Framework\Render\Mesh.h(55,1): warning C4267: '인수': 'size_t'에서 'UINT'(으)로 변환하면서 데이터가 손실될 수 있습니다.
C:\Users\admin\Documents\GitHub\Shooting\DX2D_2312\Framework\Render\Mesh.h(54,1): message : 클래스 템플릿 멤버 함수 'void Mesh<Vertex>::CreateMesh(void)'을(를) 컴파일하는 중입니다.
C:\Users\admin\Documents\GitHub\Shooting\DX2D_2312\Framework\Collision\CircleCollider.cpp(21,21): message : 컴파일되는 함수 템플릿 인스턴스화 'void Mesh<Vertex>::CreateMesh(void)'에 대한 참조를 확인하세요.
C:\Users\admin\Documents\GitHub\Shooting\DX2D_2312\Framework\Collision\CircleCollider.cpp(8,36): message : 컴파일되는 클래스 템플릿 인스턴스화 'Mesh<Vertex>'에 대한 참조를 확인하세요.
C:\Users\admin\Documents\GitHub\Shooting\DX2D_2312\Framework\Render\Mesh.h(59,1): warning C4267: '인수': 'size_t'에서 'UINT'(으)로 변환하면서 데이터가 손실될 수 있습니다.
  Collider.cpp
C:\Users\admin\Documents\GitHub\Shooting\DX2D_2312\Framework\Render\Mesh.h(44,1): warning C4267: '인수': 'size_t'에서 'UINT'(으)로 변환하면서 데이터가 손실될 수 있습니다.
C:\Users\admin\Documents\GitHub\Shooting\DX2D_2312\Framework\Render\Mesh.h(38,1): message : 클래스 템플릿 멤버 함수 'void Mesh<Vertex>::Draw(D3D11_PRIMITIVE_TOPOLOGY)'을(를) 컴파일하는 중입니다.
C:\Users\admin\Documents\GitHub\Shooting\DX2D_2312\Framework\Collision\Collider.cpp(34,15): message : 컴파일되는 함수 템플릿 인스턴스화 'void Mesh<Vertex>::Draw(D3D11_PRIMITIVE_TOPOLOGY)'에 대한 참조를 확인하세요.
C:\Users\admin\Documents\GitHub\Shooting\DX2D_2312\Framework\Collision\Collider.cpp(14,28): message : 컴파일되는 클래스 템플릿 인스턴스화 'Mesh<Vertex>'에 대한 참조를 확인하세요.
C:\Users\admin\Documents\GitHub\Shooting\DX2D_2312\Framework\Render\Mesh.h(48,1): warning C4267: '인수': 'size_t'에서 'UINT'(으)로 변환하면서 데이터가 손실될 수 있습니다.
  RectCollider.cpp
C:\Users\admin\Documents\GitHub\Shooting\DX2D_2312\Framework\Render\Mesh.h(55,1): warning C4267: '인수': 'size_t'에서 'UINT'(으)로 변환하면서 데이터가 손실될 수 있습니다.
C:\Users\admin\Documents\GitHub\Shooting\DX2D_2312\Framework\Render\Mesh.h(54,1): message : 클래스 템플릿 멤버 함수 'void Mesh<Vertex>::CreateMesh(void)'을(를) 컴파일하는 중입니다.
C:\Users\admin\Documents\GitHub\Shooting\DX2D_2312\Framework\Collision\RectCollider.cpp(17,21): message : 컴파일되는 함수 템플릿 인스턴스화 'void Mesh<Vertex>::CreateMesh(void)'에 대한 참조를 확인하세요.
C:\Users\admin\Documents\GitHub\Shooting\DX2D_2312\Framework\Collision\RectCollider.cpp(10,36): message : 컴파일되는 클래스 템플릿 인스턴스화 'Mesh<Vertex>'에 대한 참조를 확인하세요.
C:\Users\admin\Documents\GitHub\Shooting\DX2D_2312\Framework\Render\Mesh.h(59,1): warning C4267: '인수': 'size_t'에서 'UINT'(으)로 변환하면서 데이터가 손실될 수 있습니다.
  Device.cpp
C:\Users\admin\Documents\GitHub\Shooting\DX2D_2312\Framework\Device\Device.cpp(49,22): warning C4244: '=': 'UINT'에서 'FLOAT'(으)로 변환하면서 데이터가 손실될 수 있습니다.
C:\Users\admin\Documents\GitHub\Shooting\DX2D_2312\Framework\Device\Device.cpp(50,23): warning C4244: '=': 'UINT'에서 'FLOAT'(으)로 변환하면서 데이터가 손실될 수 있습니다.
  Camera.cpp
  Environment.cpp
  Math.cpp
  Transform.cpp
  Material.cpp
  Texture.cpp
  PixelShader.cpp
  Shader.cpp
  VertexShader.cpp
C:\Users\admin\Documents\GitHub\Shooting\DX2D_2312\Framework\Shader\VertexShader.cpp(95,40): warning C4267: '초기화 중': 'size_t'에서 'int'(으)로 변환하면서 데이터가 손실될 수 있습니다.
C:\Users\admin\Documents\GitHub\Shooting\DX2D_2312\Framework\Shader\VertexShader.cpp(110,21): warning C4267: '인수': 'size_t'에서 'UINT'(으)로 변환하면서 데이터가 손실될 수 있습니다.
  Keyboard.cpp
  Timer.cpp
  Utility.cpp
C:\Program Files\Microsoft Visual Studio\2022\Community\VC\Tools\MSVC\14.35.32215\include\xstring(2859,53): warning C4244: '인수': 'wchar_t'에서 'const _Elem'(으)로 변환하면서 데이터가 손실될 수 있습니다.
          with
          [
              _Elem=char
          ]
C:\Program Files\Microsoft Visual Studio\2022\Community\VC\Tools\MSVC\14.35.32215\include\xstring(2718,1): message : 컴파일되는 함수 템플릿 인스턴스화 'void std::basic_string<char,std::char_traits<char>,std::allocator<char>>::_Construct_from_iter<wchar_t*,wchar_t*,_Size_type>(_Iter,const _Sent,_Size)'에 대한 참조를 확인하세요.
          with
          [
              _Size_type=unsigned __int64,
              _Iter=wchar_t *,
              _Sent=wchar_t *,
              _Size=unsigned __int64
          ]
C:\Program Files\Microsoft Visual Studio\2022\Community\VC\Tools\MSVC\14.35.32215\include\xstring(2718,37): message : 컴파일되는 함수 템플릿 인스턴스화 'void std::basic_string<char,std::char_traits<char>,std::allocator<char>>::_Construct_from_iter<wchar_t*,wchar_t*,_Size_type>(_Iter,const _Sent,_Size)'에 대한 참조를 확인하세요.
          with
          [
              _Size_type=unsigned __int64,
              _Iter=wchar_t *,
              _Sent=wchar_t *,
              _Size=unsigned __int64
          ]
C:\Program Files\Microsoft Visual Studio\2022\Community\VC\Tools\MSVC\14.35.32215\include\xstring(3579,1): message : 컴파일되는 함수 템플릿 인스턴스화 'std::basic_string<char,std::char_traits<char>,std::allocator<char>>::basic_string<wchar_t*,0>(_Iter,_Iter,const _Alloc &)'에 대한 참조를 확인하세요.
          with
          [
              _Iter=wchar_t *,
              _Alloc=std::allocator<char>
          ]
C:\Program Files\Microsoft Visual Studio\2022\Community\VC\Tools\MSVC\14.35.32215\include\xstring(3579,32): message : 컴파일되는 함수 템플릿 인스턴스화 'std::basic_string<char,std::char_traits<char>,std::allocator<char>>::basic_string<wchar_t*,0>(_Iter,_Iter,const _Alloc &)'에 대한 참조를 확인하세요.
          with
          [
              _Iter=wchar_t *,
              _Alloc=std::allocator<char>
          ]
C:\Users\admin\Documents\GitHub\Shooting\DX2D_2312\Framework\Utilities\Utility.cpp(14): message : 컴파일되는 함수 템플릿 인스턴스화 'std::basic_string<char,std::char_traits<char>,std::allocator<char>> &std::basic_string<char,std::char_traits<char>,std::allocator<char>>::assign<std::_String_iterator<std::_String_val<std::_Simple_types<_Elem>>>,0>(const _Iter,const _Iter)'에 대한 참조를 확인하세요.
          with
          [
              _Elem=wchar_t,
              _Iter=std::_String_iterator<std::_String_val<std::_Simple_types<wchar_t>>>
          ]
C:\Users\admin\Documents\GitHub\Shooting\DX2D_2312\Framework\Utilities\Utility.cpp(14,18): message : 컴파일되는 함수 템플릿 인스턴스화 'std::basic_string<char,std::char_traits<char>,std::allocator<char>> &std::basic_string<char,std::char_traits<char>,std::allocator<char>>::assign<std::_String_iterator<std::_String_val<std::_Simple_types<_Elem>>>,0>(const _Iter,const _Iter)'에 대한 참조를 확인하세요.
          with
          [
              _Elem=wchar_t,
              _Iter=std::_String_iterator<std::_String_val<std::_Simple_types<wchar_t>>>
          ]
  코드를 생성하고 있습니다...
  컴파일하고 있습니다...
  GameManager.cpp
  SceneManager.cpp
  GameObject.cpp
  ObjectManager.cpp
  Quad.cpp
C:\Users\admin\Documents\GitHub\Shooting\DX2D_2312\Framework\Render\Mesh.h(44,1): warning C4267: '인수': 'size_t'에서 'UINT'(으)로 변환하면서 데이터가 손실될 수 있습니다.
C:\Users\admin\Documents\GitHub\Shooting\DX2D_2312\Framework\Render\Mesh.h(38,1): message : 클래스 템플릿 멤버 함수 'void Mesh<VertexUV>::Draw(D3D11_PRIMITIVE_TOPOLOGY)'을(를) 컴파일하는 중입니다.
C:\Users\admin\Documents\GitHub\Shooting\DX2D_2312\Objects\Basic\Quad.cpp(55,12): message : 컴파일되는 함수 템플릿 인스턴스화 'void Mesh<VertexUV>::Draw(D3D11_PRIMITIVE_TOPOLOGY)'에 대한 참조를 확인하세요.
C:\Users\admin\Documents\GitHub\Shooting\DX2D_2312\Objects\Basic\Quad.cpp(7,27): message : 컴파일되는 클래스 템플릿 인스턴스화 'Mesh<VertexUV>'에 대한 참조를 확인하세요.
C:\Users\admin\Documents\GitHub\Shooting\DX2D_2312\Framework\Render\Mesh.h(48,1): warning C4267: '인수': 'size_t'에서 'UINT'(으)로 변환하면서 데이터가 손실될 수 있습니다.
C:\Users\admin\Documents\GitHub\Shooting\DX2D_2312\Framework\Render\Mesh.h(55,1): warning C4267: '인수': 'size_t'에서 'UINT'(으)로 변환하면서 데이터가 손실될 수 있습니다.
C:\Users\admin\Documents\GitHub\Shooting\DX2D_2312\Framework\Render\Mesh.h(54,1): message : 클래스 템플릿 멤버 함수 'void Mesh<VertexUV>::CreateMesh(void)'을(를) 컴파일하는 중입니다.
C:\Users\admin\Documents\GitHub\Shooting\DX2D_2312\Objects\Basic\Quad.cpp(9,18): message : 컴파일되는 함수 템플릿 인스턴스화 'void Mesh<VertexUV>::CreateMesh(void)'에 대한 참조를 확인하세요.
C:\Users\admin\Documents\GitHub\Shooting\DX2D_2312\Framework\Render\Mesh.h(59,1): warning C4267: '인수': 'size_t'에서 'UINT'(으)로 변환하면서 데이터가 손실될 수 있습니다.
C:\Users\admin\Documents\GitHub\Shooting\DX2D_2312\Framework\Render\Mesh.h(66,1): warning C4267: '인수': 'size_t'에서 'UINT'(으)로 변환하면서 데이터가 손실될 수 있습니다.
C:\Users\admin\Documents\GitHub\Shooting\DX2D_2312\Framework\Render\Mesh.h(65,1): message : 클래스 템플릿 멤버 함수 'void Mesh<VertexUV>::UpdateVertices(void)'을(를) 컴파일하는 중입니다.
C:\Users\admin\Documents\GitHub\Shooting\DX2D_2312\Objects\Basic\Quad.cpp(77,22): message : 컴파일되는 함수 템플릿 인스턴스화 'void Mesh<VertexUV>::UpdateVertices(void)'에 대한 참조를 확인하세요.
C:\Program Files\Microsoft Visual Studio\2022\Community\VC\Tools\MSVC\14.35.32215\include\xmemory(680,68): warning C4244: '인수': '_Ty'에서 'float'(으)로 변환하면서 데이터가 손실될 수 있습니다.
          with
          [
              _Ty=int
          ]
C:\Program Files\Microsoft Visual Studio\2022\Community\VC\Tools\MSVC\14.35.32215\include\vector(852): message : 컴파일되는 함수 템플릿 인스턴스화 'void std::_Default_allocator_traits<_Alloc>::construct<_Ty,float&,float&,int,int>(_Alloc &,_Objty *const ,float &,float &,int &&,int &&)'에 대한 참조를 확인하세요.
          with
          [
              _Alloc=std::allocator<VertexUV>,
              _Ty=VertexUV,
              _Objty=VertexUV
          ]
C:\Program Files\Microsoft Visual Studio\2022\Community\VC\Tools\MSVC\14.35.32215\include\vector(863,36): message : 컴파일되는 함수 템플릿 인스턴스화 'void std::_Default_allocator_traits<_Alloc>::construct<_Ty,float&,float&,int,int>(_Alloc &,_Objty *const ,float &,float &,int &&,int &&)'에 대한 참조를 확인하세요.
          with
          [
              _Alloc=std::allocator<VertexUV>,
              _Ty=VertexUV,
              _Objty=VertexUV
          ]
C:\Program Files\Microsoft Visual Studio\2022\Community\VC\Tools\MSVC\14.35.32215\include\vector(839): message : 컴파일되는 함수 템플릿 인스턴스화 '_Ty &std::vector<_Ty,std::allocator<_Ty>>::_Emplace_back_with_unused_capacity<float&,float&,int,int>(float &,float &,int &&,int &&)'에 대한 참조를 확인하세요.
          with
          [
              _Ty=VertexUV
          ]
C:\Program Files\Microsoft Visual Studio\2022\Community\VC\Tools\MSVC\14.35.32215\include\vector(845,13): message : 컴파일되는 함수 템플릿 인스턴스화 '_Ty &std::vector<_Ty,std::allocator<_Ty>>::_Emplace_back_with_unused_capacity<float&,float&,int,int>(float &,float &,int &&,int &&)'에 대한 참조를 확인하세요.
          with
          [
              _Ty=VertexUV
          ]
C:\Program Files\Microsoft Visual Studio\2022\Community\VC\Tools\MSVC\14.35.32215\include\vector(925): message : 컴파일되는 함수 템플릿 인스턴스화 '_Ty &std::vector<_Ty,std::allocator<_Ty>>::_Emplace_one_at_back<float&,float&,int,int>(float &,float &,int &&,int &&)'에 대한 참조를 확인하세요.
          with
          [
              _Ty=VertexUV
          ]
C:\Program Files\Microsoft Visual Studio\2022\Community\VC\Tools\MSVC\14.35.32215\include\vector(927,14): message : 컴파일되는 함수 템플릿 인스턴스화 '_Ty &std::vector<_Ty,std::allocator<_Ty>>::_Emplace_one_at_back<float&,float&,int,int>(float &,float &,int &&,int &&)'에 대한 참조를 확인하세요.
          with
          [
              _Ty=VertexUV
          ]
C:\Users\admin\Documents\GitHub\Shooting\DX2D_2312\Objects\Basic\Quad.cpp(90,39): message : 컴파일되는 함수 템플릿 인스턴스화 'void std::vector<T,std::allocator<T>>::emplace_back<float&,float&,int,int>(float &,float &,int &&,int &&)'에 대한 참조를 확인하세요.
          with
          [
              T=VertexUV
          ]
  Background.cpp
  DashEnemy.cpp
  Enemy.cpp
C:\Users\admin\Documents\GitHub\Shooting\DX2D_2312\Objects\ShootingGame\Enemy\Enemy.cpp(126,24): warning C4244: '-=': 'float'에서 'int'(으)로 변환하면서 데이터가 손실될 수 있습니다.
  EnemyManager.cpp
C:\Users\admin\Documents\GitHub\Shooting\DX2D_2312\Objects\ShootingGame\Enemy\EnemyManager.cpp(93,10): warning C4244: '초기화 중': 'int'에서 'float'(으)로 변환하면서 데이터가 손실될 수 있습니다.
C:\Users\admin\Documents\GitHub\Shooting\DX2D_2312\Objects\ShootingGame\Enemy\EnemyManager.cpp(94,10): warning C4244: '초기화 중': 'int'에서 'float'(으)로 변환하면서 데이터가 손실될 수 있습니다.
  RangeEnemy.cpp
  InvenManager.cpp
  Inventory.cpp
C:\Users\admin\Documents\GitHub\Shooting\DX2D_2312\Objects\ShootingGame\Inven\Inventory.cpp(134,24): warning C4267: '=': 'size_t'에서 'int'(으)로 변환하면서 데이터가 손실될 수 있습니다.
C:\Users\admin\Documents\GitHub\Shooting\DX2D_2312\Objects\ShootingGame\Inven\Inventory.cpp(138,34): warning C4267: '=': 'size_t'에서 'int'(으)로 변환하면서 데이터가 손실될 수 있습니다.
  Item.cpp
  ItemManager.cpp
  Plane.cpp
C:\Users\admin\Documents\GitHub\Shooting\DX2D_2312\Objects\ShootingGame\Plane.cpp(105,18): warning C4244: '+=': 'float'에서 'int'(으)로 변환하면서 데이터가 손실될 수 있습니다.
C:\Users\admin\Documents\GitHub\Shooting\DX2D_2312\Objects\ShootingGame\Plane.cpp(117,9): warning C4244: '-=': 'float'에서 'int'(으)로 변환하면서 데이터가 손실될 수 있습니다.
  ShootingDataManager.cpp
  BaseBullet.cpp
  BaseSkill.cpp
  Bullet.cpp
C:\Users\admin\Documents\GitHub\Shooting\DX2D_2312\Objects\ShootingGame\Skill\Bullet.cpp(29,15): warning C4244: '=': 'float'에서 'int'(으)로 변환하면서 데이터가 손실될 수 있습니다.
  BulletManager.cpp
  코드를 생성하고 있습니다...
  컴파일하고 있습니다...
  Skill.cpp
  WheelBullet.cpp
  WheelSkill.cpp
  Button.cpp
  ProgressBar.cpp
  Sprite.cpp
  CollisionScene.cpp
  ShootingGameScene.cpp
  TutorialScene.cpp
C:\Users\admin\Documents\GitHub\Shooting\DX2D_2312\Scenes\TutorialScene.cpp(27,91): warning C4267: '인수': 'size_t'에서 'UINT'(으)로 변환하면서 데이터가 손실될 수 있습니다.
C:\Users\admin\Documents\GitHub\Shooting\DX2D_2312\Scenes\TutorialScene.cpp(46,66): warning C4267: '인수': 'size_t'에서 'UINT'(으)로 변환하면서 데이터가 손실될 수 있습니다.
C:\Users\admin\Documents\GitHub\Shooting\DX2D_2312\Scenes\TutorialScene.cpp(151,41): warning C4267: '인수': 'size_t'에서 'UINT'(으)로 변환하면서 데이터가 손실될 수 있습니다.
C:\Program Files\Microsoft Visual Studio\2022\Community\VC\Tools\MSVC\14.35.32215\include\xmemory(680,68): warning C4244: '인수': '_Ty'에서 'float'(으)로 변환하면서 데이터가 손실될 수 있습니다.
          with
          [
              _Ty=int
          ]
C:\Program Files\Microsoft Visual Studio\2022\Community\VC\Tools\MSVC\14.35.32215\include\vector(852): message : 컴파일되는 함수 템플릿 인스턴스화 'void std::_Default_allocator_traits<_Alloc>::construct<_Ty,int,int,int,int,int>(_Alloc &,_Objty *const ,int &&,int &&,int &&,int &&,int &&)'에 대한 참조를 확인하세요.
          with
          [
              _Alloc=std::allocator<VertexColor>,
              _Ty=VertexColor,
              _Objty=VertexColor
          ]
C:\Program Files\Microsoft Visual Studio\2022\Community\VC\Tools\MSVC\14.35.32215\include\vector(863,36): message : 컴파일되는 함수 템플릿 인스턴스화 'void std::_Default_allocator_traits<_Alloc>::construct<_Ty,int,int,int,int,int>(_Alloc &,_Objty *const ,int &&,int &&,int &&,int &&,int &&)'에 대한 참조를 확인하세요.
          with
          [
              _Alloc=std::allocator<VertexColor>,
              _Ty=VertexColor,
              _Objty=VertexColor
          ]
C:\Program Files\Microsoft Visual Studio\2022\Community\VC\Tools\MSVC\14.35.32215\include\vector(839): message : 컴파일되는 함수 템플릿 인스턴스화 '_Ty &std::vector<_Ty,std::allocator<_Ty>>::_Emplace_back_with_unused_capacity<int,int,int,int,int>(int &&,int &&,int &&,int &&,int &&)'에 대한 참조를 확인하세요.
          with
          [
              _Ty=VertexColor
          ]
C:\Program Files\Microsoft Visual Studio\2022\Community\VC\Tools\MSVC\14.35.32215\include\vector(845,13): message : 컴파일되는 함수 템플릿 인스턴스화 '_Ty &std::vector<_Ty,std::allocator<_Ty>>::_Emplace_back_with_unused_capacity<int,int,int,int,int>(int &&,int &&,int &&,int &&,int &&)'에 대한 참조를 확인하세요.
          with
          [
              _Ty=VertexColor
          ]
C:\Program Files\Microsoft Visual Studio\2022\Community\VC\Tools\MSVC\14.35.32215\include\vector(925): message : 컴파일되는 함수 템플릿 인스턴스화 '_Ty &std::vector<_Ty,std::allocator<_Ty>>::_Emplace_one_at_back<int,int,int,int,int>(int &&,int &&,int &&,int &&,int &&)'에 대한 참조를 확인하세요.
          with
          [
              _Ty=VertexColor
          ]
C:\Program Files\Microsoft Visual Studio\2022\Community\VC\Tools\MSVC\14.35.32215\include\vector(927,14): message : 컴파일되는 함수 템플릿 인스턴스화 '_Ty &std::vector<_Ty,std::allocator<_Ty>>::_Emplace_one_at_back<int,int,int,int,int>(int &&,int &&,int &&,int &&,int &&)'에 대한 참조를 확인하세요.
          with
          [
              _Ty=VertexColor
          ]
C:\Users\admin\Documents\GitHub\Shooting\DX2D_2312\Scenes\TutorialScene.cpp(23,42): message : 컴파일되는 함수 템플릿 인스턴스화 'void std::vector<VertexColor,std::allocator<VertexColor>>::emplace_back<int,int,int,int,int>(int &&,int &&,int &&,int &&,int &&)'에 대한 참조를 확인하세요.
  코드를 생성하고 있습니다...
DirectXTex.lib(DirectXTexImage.obj) : warning LNK4099: '' PDB를 'DirectXTex.lib(DirectXTexImage.obj)' 또는 ''에서 찾을 수 없습니다. 디버그 정보가 없는 것처럼 개체를 링크합니다.
DirectXTex.lib(DirectXTexWIC.obj) : warning LNK4099: '' PDB를 'DirectXTex.lib(DirectXTexWIC.obj)' 또는 ''에서 찾을 수 없습니다. 디버그 정보가 없는 것처럼 개체를 링크합니다.
DirectXTex.lib(DirectXTexD3D11.obj) : warning LNK4099: '' PDB를 'DirectXTex.lib(DirectXTexD3D11.obj)' 또는 ''에서 찾을 수 없습니다. 디버그 정보가 없는 것처럼 개체를 링크합니다.
DirectXTex.lib(DirectXTexUtil.obj) : warning LNK4099: '' PDB를 'DirectXTex.lib(DirectXTexUtil.obj)' 또는 ''에서 찾을 수 없습니다. 디버그 정보가 없는 것처럼 개체를 링크합니다.
DirectXTex.lib(DirectXTexConvert.obj) : warning LNK4099: '' PDB를 'DirectXTex.lib(DirectXTexConvert.obj)' 또는 ''에서 찾을 수 없습니다. 디버그 정보가 없는 것처럼 개체를 링크합니다.
DirectXTex.lib(DirectXTexCompress.obj) : warning LNK4099: '' PDB를 'DirectXTex.lib(DirectXTexCompress.obj)' 또는 ''에서 찾을 수 없습니다. 디버그 정보가 없는 것처럼 개체를 링크합니다.
DirectXTex.lib(DirectXTexMipMaps.obj) : warning LNK4099: '' PDB를 'DirectXTex.lib(DirectXTexMipMaps.obj)' 또는 ''에서 찾을 수 없습니다. 디버그 정보가 없는 것처럼 개체를 링크합니다.
DirectXTex.lib(BC.obj) : warning LNK4099: '' PDB를 'DirectXTex.lib(BC.obj)' 또는 ''에서 찾을 수 없습니다. 디버그 정보가 없는 것처럼 개체를 링크합니다.
DirectXTex.lib(BC4BC5.obj) : warning LNK4099: '' PDB를 'DirectXTex.lib(BC4BC5.obj)' 또는 ''에서 찾을 수 없습니다. 디버그 정보가 없는 것처럼 개체를 링크합니다.
DirectXTex.lib(BC6HBC7.obj) : warning LNK4099: '' PDB를 'DirectXTex.lib(BC6HBC7.obj)' 또는 ''에서 찾을 수 없습니다. 디버그 정보가 없는 것처럼 개체를 링크합니다.
ImGui.lib(imgui_impl_win32.obj) : warning LNK4099: '' PDB를 'ImGui.lib(imgui_impl_win32.obj)' 또는 ''에서 찾을 수 없습니다. 디버그 정보가 없는 것처럼 개체를 링크합니다.
ImGui.lib(imgui_widgets.obj) : warning LNK4099: '' PDB를 'ImGui.lib(imgui_widgets.obj)' 또는 ''에서 찾을 수 없습니다. 디버그 정보가 없는 것처럼 개체를 링크합니다.
ImGui.lib(ImGui.obj) : warning LNK4099: '' PDB를 'ImGui.lib(ImGui.obj)' 또는 ''에서 찾을 수 없습니다. 디버그 정보가 없는 것처럼 개체를 링크합니다.
ImGui.lib(imgui_draw.obj) : warning LNK4099: '' PDB를 'ImGui.lib(imgui_draw.obj)' 또는 ''에서 찾을 수 없습니다. 디버그 정보가 없는 것처럼 개체를 링크합니다.
ImGui.lib(imgui_impl_dx11.obj) : warning LNK4099: '' PDB를 'ImGui.lib(imgui_impl_dx11.obj)' 또는 ''에서 찾을 수 없습니다. 디버그 정보가 없는 것처럼 개체를 링크합니다.
ImGui.lib(imgui_tables.obj) : warning LNK4099: '' PDB를 'ImGui.lib(imgui_tables.obj)' 또는 ''에서 찾을 수 없습니다. 디버그 정보가 없는 것처럼 개체를 링크합니다.
  DX2D_2312.vcxproj -> C:\Users\admin\Documents\GitHub\Shooting\x64\Debug\DX2D_2312.exe
