c:\users\admin\documents\kim\class\dx2d_2312\dx2d_2312\x64\debug\vc143.pdb
c:\users\admin\documents\kim\class\dx2d_2312\dx2d_2312\x64\debug\vc143.idb
c:\users\admin\documents\kim\class\dx2d_2312\dx2d_2312\x64\debug\scenemanager.obj
c:\users\admin\documents\kim\class\dx2d_2312\dx2d_2312\x64\debug\gamemanager.obj
c:\users\admin\documents\kim\class\dx2d_2312\dx2d_2312\x64\debug\timer.obj
c:\users\admin\documents\kim\class\dx2d_2312\dx2d_2312\x64\debug\keyboard.obj
c:\users\admin\documents\kim\class\dx2d_2312\dx2d_2312\x64\debug\vertexshader.obj
c:\users\admin\documents\kim\class\dx2d_2312\dx2d_2312\x64\debug\shader.obj
c:\users\admin\documents\kim\class\dx2d_2312\dx2d_2312\x64\debug\pixelshader.obj
c:\users\admin\documents\kim\class\dx2d_2312\dx2d_2312\x64\debug\texture.obj
c:\users\admin\documents\kim\class\dx2d_2312\dx2d_2312\x64\debug\material.obj
c:\users\admin\documents\kim\class\dx2d_2312\dx2d_2312\x64\debug\transform.obj
c:\users\admin\documents\kim\class\dx2d_2312\dx2d_2312\x64\debug\math.obj
c:\users\admin\documents\kim\class\dx2d_2312\dx2d_2312\x64\debug\environment.obj
c:\users\admin\documents\kim\class\dx2d_2312\dx2d_2312\x64\debug\device.obj
c:\users\admin\documents\kim\class\dx2d_2312\dx2d_2312\x64\debug\rectcollider.obj
c:\users\admin\documents\kim\class\dx2d_2312\dx2d_2312\x64\debug\collider.obj
c:\users\admin\documents\kim\class\dx2d_2312\dx2d_2312\x64\debug\circlecollider.obj
c:\users\admin\documents\kim\class\dx2d_2312\dx2d_2312\x64\debug\vertexbuffer.obj
c:\users\admin\documents\kim\class\dx2d_2312\dx2d_2312\x64\debug\indexbuffer.obj
c:\users\admin\documents\kim\class\dx2d_2312\dx2d_2312\x64\debug\constbuffer.obj
c:\users\admin\documents\kim\class\dx2d_2312\dx2d_2312\x64\debug\dx2d_2312.obj
c:\users\admin\documents\kim\class\dx2d_2312\dx2d_2312\x64\debug\tutorialscene.obj
c:\users\admin\documents\kim\class\dx2d_2312\dx2d_2312\x64\debug\shootinggamescene.obj
c:\users\admin\documents\kim\class\dx2d_2312\dx2d_2312\x64\debug\collisionscene.obj
c:\users\admin\documents\kim\class\dx2d_2312\dx2d_2312\x64\debug\plane.obj
c:\users\admin\documents\kim\class\dx2d_2312\dx2d_2312\x64\debug\bulletmanager.obj
c:\users\admin\documents\kim\class\dx2d_2312\dx2d_2312\x64\debug\bullet.obj
c:\users\admin\documents\kim\class\dx2d_2312\dx2d_2312\x64\debug\quad.obj
c:\users\admin\documents\kim\class\dx2d_2312\dx2d_2312\x64\debug\gameobject.obj
c:\users\admin\documents\kim\class\dx2d_2312\dx2d_2312\x64\debug\objectmanager.obj
c:\users\admin\documents\kim\class\dx2d_2312\dx2d_2312\x64\debug\dx2d_2312.pch
c:\users\admin\documents\kim\class\dx2d_2312\dx2d_2312\x64\debug\framework.obj
c:\users\admin\documents\kim\class\dx2d_2312\dx2d_2312\x64\debug\enemymanager.obj
c:\users\admin\documents\kim\class\dx2d_2312\dx2d_2312\x64\debug\enemy.obj
c:\users\admin\documents\kim\class\dx2d_2312\x64\debug\pixel.cso
c:\users\admin\documents\kim\class\dx2d_2312\x64\debug\pixeluv.cso
c:\users\admin\documents\kim\class\dx2d_2312\x64\debug\tutorial.cso
c:\users\admin\documents\kim\class\dx2d_2312\x64\debug\vertex.cso
c:\users\admin\documents\kim\class\dx2d_2312\x64\debug\vertexuv.cso
c:\users\admin\documents\kim\class\dx2d_2312\x64\debug\dx2d_2312.exe
c:\users\admin\documents\kim\class\dx2d_2312\dx2d_2312\x64\debug\dx2d_2312.ilk
c:\users\admin\documents\kim\class\dx2d_2312\x64\debug\dx2d_2312.pdb
c:\users\admin\documents\kim\class\dx2d_2312\dx2d_2312\x64\debug\dx2d_2312.res
c:\users\admin\documents\kim\class\dx2d_2312\dx2d_2312\x64\debug\dx2d_2312.tlog\cl.command.1.tlog
c:\users\admin\documents\kim\class\dx2d_2312\dx2d_2312\x64\debug\dx2d_2312.tlog\cl.read.1.tlog
c:\users\admin\documents\kim\class\dx2d_2312\dx2d_2312\x64\debug\dx2d_2312.tlog\cl.write.1.tlog
c:\users\admin\documents\kim\class\dx2d_2312\dx2d_2312\x64\debug\dx2d_2312.tlog\fxc.command.1.tlog
c:\users\admin\documents\kim\class\dx2d_2312\dx2d_2312\x64\debug\dx2d_2312.tlog\fxc.read.1.tlog
c:\users\admin\documents\kim\class\dx2d_2312\dx2d_2312\x64\debug\dx2d_2312.tlog\fxc.write.1.tlog
c:\users\admin\documents\kim\class\dx2d_2312\dx2d_2312\x64\debug\dx2d_2312.tlog\link.command.1.tlog
c:\users\admin\documents\kim\class\dx2d_2312\dx2d_2312\x64\debug\dx2d_2312.tlog\link.read.1.tlog
c:\users\admin\documents\kim\class\dx2d_2312\dx2d_2312\x64\debug\dx2d_2312.tlog\link.write.1.tlog
c:\users\admin\documents\kim\class\dx2d_2312\dx2d_2312\x64\debug\dx2d_2312.tlog\rc.command.1.tlog
c:\users\admin\documents\kim\class\dx2d_2312\dx2d_2312\x64\debug\dx2d_2312.tlog\rc.read.1.tlog
c:\users\admin\documents\kim\class\dx2d_2312\dx2d_2312\x64\debug\dx2d_2312.tlog\rc.write.1.tlog
